[2020-01-29 05:28:44.264] [exthost] [info] extension host started
[2020-01-29 05:28:44.309] [exthost] [info] ExtensionService#_doActivateExtension aaron-bond.better-comments {"startup":false,"extensionId":{"value":"aaron-bond.better-comments","_lower":"aaron-bond.better-comments"},"activationEvent":"onLanguage:plaintext"}
[2020-01-29 05:28:44.310] [exthost] [info] ExtensionService#loadCommonJSModule file:///home/rule/.vscode/extensions/aaron-bond.better-comments-2.0.5/out/extension
[2020-01-29 05:28:44.356] [exthost] [info] ExtensionService#_doActivateExtension ms-vscode.cpptools {"startup":false,"extensionId":{"value":"ms-vscode.cpptools","_lower":"ms-vscode.cpptools"},"activationEvent":"onLanguage:c"}
[2020-01-29 05:28:44.356] [exthost] [info] ExtensionService#loadCommonJSModule file:///home/rule/.vscode/extensions/ms-vscode.cpptools-0.26.3-insiders3/dist/main
[2020-01-29 05:28:44.785] [exthost] [info] ExtensionService#_doActivateExtension vscode.debug-auto-launch {"startup":true,"extensionId":{"value":"vscode.debug-auto-launch","_lower":"vscode.debug-auto-launch"},"activationEvent":"*"}
[2020-01-29 05:28:44.785] [exthost] [info] ExtensionService#loadCommonJSModule file:///opt/visual-studio-code/resources/app/extensions/debug-auto-launch/dist/extension
[2020-01-29 05:28:44.851] [exthost] [info] ExtensionService#_doActivateExtension vscode.emmet {"startup":true,"extensionId":{"value":"vscode.emmet","_lower":"vscode.emmet"},"activationEvent":"*"}
[2020-01-29 05:28:44.851] [exthost] [info] ExtensionService#loadCommonJSModule file:///opt/visual-studio-code/resources/app/extensions/emmet/dist/extension
[2020-01-29 05:28:44.944] [exthost] [info] ExtensionService#_doActivateExtension vscode.git {"startup":true,"extensionId":{"value":"vscode.git","_lower":"vscode.git"},"activationEvent":"*"}
[2020-01-29 05:28:44.945] [exthost] [info] ExtensionService#loadCommonJSModule file:///opt/visual-studio-code/resources/app/extensions/git/dist/main
[2020-01-29 05:28:45.073] [exthost] [info] ExtensionService#_doActivateExtension vscode.merge-conflict {"startup":true,"extensionId":{"value":"vscode.merge-conflict","_lower":"vscode.merge-conflict"},"activationEvent":"*"}
[2020-01-29 05:28:45.073] [exthost] [info] ExtensionService#loadCommonJSModule file:///opt/visual-studio-code/resources/app/extensions/merge-conflict/dist/extension
[2020-01-29 05:28:45.135] [exthost] [info] ExtensionService#_doActivateExtension vscode.search-result {"startup":true,"extensionId":{"value":"vscode.search-result","_lower":"vscode.search-result"},"activationEvent":"*"}
[2020-01-29 05:28:45.135] [exthost] [info] ExtensionService#loadCommonJSModule file:///opt/visual-studio-code/resources/app/extensions/search-result/dist/extension.js
[2020-01-29 05:28:45.188] [exthost] [info] ExtensionService#_doActivateExtension christian-kohler.path-intellisense {"startup":true,"extensionId":{"value":"christian-kohler.path-intellisense","_lower":"christian-kohler.path-intellisense"},"activationEvent":"*"}
[2020-01-29 05:28:45.188] [exthost] [info] ExtensionService#loadCommonJSModule file:///home/rule/.vscode/extensions/christian-kohler.path-intellisense-1.4.2/out/src/extension
[2020-01-29 05:28:45.425] [exthost] [info] ExtensionService#_doActivateExtension tintoy.msbuild-project-tools {"startup":true,"extensionId":{"value":"doggy8088.netcore-snippets","_lower":"doggy8088.netcore-snippets"},"activationEvent":"*"}
[2020-01-29 05:28:45.426] [exthost] [info] ExtensionService#loadCommonJSModule file:///home/rule/.vscode/extensions/tintoy.msbuild-project-tools-0.3.3/out/src/extension/extension
[2020-01-29 05:28:46.322] [exthost] [info] ExtensionService#_doActivateExtension schneiderpat.aspnet-helper {"startup":true,"extensionId":{"value":"schneiderpat.aspnet-helper","_lower":"schneiderpat.aspnet-helper"},"activationEvent":"*"}
[2020-01-29 05:28:46.322] [exthost] [info] ExtensionService#loadCommonJSModule file:///home/rule/.vscode/extensions/schneiderpat.aspnet-helper-0.6.4/out/src/extension
[2020-01-29 05:28:46.726] [exthost] [info] ExtensionService#_doActivateExtension wayou.vscode-todo-highlight {"startup":true,"extensionId":{"value":"wayou.vscode-todo-highlight","_lower":"wayou.vscode-todo-highlight"},"activationEvent":"*"}
[2020-01-29 05:28:46.726] [exthost] [info] ExtensionService#loadCommonJSModule file:///home/rule/.vscode/extensions/wayou.vscode-todo-highlight-1.0.4/src/extension
[2020-01-29 05:28:47.974] [exthost] [info] ExtensionService#_doActivateExtension doggy8088.netcore-snippets {"startup":true,"extensionId":{"value":"doggy8088.netcore-snippets","_lower":"doggy8088.netcore-snippets"},"activationEvent":"*"}
[2020-01-29 05:28:47.974] [exthost] [info] ExtensionService#loadCommonJSModule file:///home/rule/.vscode/extensions/doggy8088.netcore-snippets-3.1.4/src/extension
[2020-01-29 05:28:51.233] [exthost] [info] eager extensions activated
