[2019-12-23 16:15:34.689] [sharedprocess] [info] main {"machineId":"57b44c70e96195622685da6ffdbfef116432e5b14bea027deabab107ba0cc455","windowId":2}
[2019-12-23 16:16:15.093] [sharedprocess] [info] Starting to clean up unused language packs.
[2019-12-23 16:16:15.220] [sharedprocess] [info] Installing extension: ms-vscode.csharp
[2019-12-23 16:16:15.595] [sharedprocess] [info] Downloaded extension: ms-vscode.csharp /tmp/2421bf53-61b1-4bb1-87a9-6aaa7fcd1b3a
[2019-12-23 16:16:15.706] [sharedprocess] [info] Extracted extension to /home/rule/.vscode/extensions/.ms-vscode.csharp-1.21.9: ms-vscode.csharp
[2019-12-23 16:16:15.707] [sharedprocess] [info] Renamed to /home/rule/.vscode/extensions/ms-vscode.csharp-1.21.9
[2019-12-23 16:16:15.714] [sharedprocess] [info] Installation completed. ms-vscode.csharp
[2019-12-23 16:16:15.810] [sharedprocess] [info] Extensions installed successfully: ms-vscode.csharp
[2019-12-23 16:16:31.420] [sharedprocess] [info] Installing extension: formulahendry.dotnet-test-explorer
[2019-12-23 16:16:32.320] [sharedprocess] [info] Downloaded extension: formulahendry.dotnet-test-explorer /tmp/f880aa0f-2cca-4d50-a3e9-5eaee9ed23d5
[2019-12-23 16:16:35.071] [sharedprocess] [info] Extracted extension to /home/rule/.vscode/extensions/.formulahendry.dotnet-test-explorer-0.7.1: formulahendry.dotnet-test-explorer
[2019-12-23 16:16:35.072] [sharedprocess] [info] Renamed to /home/rule/.vscode/extensions/formulahendry.dotnet-test-explorer-0.7.1
[2019-12-23 16:16:35.076] [sharedprocess] [info] Installation completed. formulahendry.dotnet-test-explorer
[2019-12-23 16:16:35.193] [sharedprocess] [info] Extensions installed successfully: formulahendry.dotnet-test-explorer
[2019-12-23 16:21:40.626] [sharedprocess] [info] Installing extension: doggy8088.netcore-extension-pack
[2019-12-23 16:21:40.921] [sharedprocess] [info] Downloaded extension: doggy8088.netcore-extension-pack /tmp/2de9a3ff-0ff3-4c90-a6a8-f8ef849c5922
[2019-12-23 16:21:40.959] [sharedprocess] [info] Extracted extension to /home/rule/.vscode/extensions/.doggy8088.netcore-extension-pack-0.10.0: doggy8088.netcore-extension-pack
[2019-12-23 16:21:40.970] [sharedprocess] [info] Renamed to /home/rule/.vscode/extensions/doggy8088.netcore-extension-pack-0.10.0
[2019-12-23 16:21:40.973] [sharedprocess] [info] Installation completed. doggy8088.netcore-extension-pack
[2019-12-23 16:21:41.379] [sharedprocess] [info] Installing extension: christian-kohler.path-intellisense
[2019-12-23 16:21:41.380] [sharedprocess] [info] Installing extension: wayou.vscode-todo-highlight
[2019-12-23 16:21:41.381] [sharedprocess] [info] Installing extension: jchannon.csharpextensions
[2019-12-23 16:21:41.381] [sharedprocess] [info] Installing extension: aaron-bond.better-comments
[2019-12-23 16:21:41.381] [sharedprocess] [info] Installing extension: codezombiech.gitignore
[2019-12-23 16:21:41.382] [sharedprocess] [info] Installing extension: quicktype.quicktype
[2019-12-23 16:21:41.382] [sharedprocess] [info] Installing extension: leopotam.csharpfixformat
[2019-12-23 16:21:41.383] [sharedprocess] [info] Installing extension: k--kato.docomment
[2019-12-23 16:21:41.383] [sharedprocess] [info] Installing extension: jmrog.vscode-nuget-package-manager
[2019-12-23 16:21:41.384] [sharedprocess] [info] Installing extension: pflannery.vscode-versionlens
[2019-12-23 16:21:41.384] [sharedprocess] [info] Installing extension: schneiderpat.aspnet-helper
[2019-12-23 16:21:41.385] [sharedprocess] [info] Installing extension: tintoy.msbuild-project-tools
[2019-12-23 16:21:41.386] [sharedprocess] [info] Installing extension: formulahendry.dotnet
[2019-12-23 16:21:41.386] [sharedprocess] [info] Installing extension: craigthomas.supersharp
[2019-12-23 16:21:41.387] [sharedprocess] [info] Installing extension: doggy8088.netcore-snippets
[2019-12-23 16:21:41.387] [sharedprocess] [info] Installing extension: adrianwilczynski.asp-net-core-switcher
[2019-12-23 16:21:41.745] [sharedprocess] [info] Downloaded extension: christian-kohler.path-intellisense /tmp/cd9aff1b-8a8c-4395-bedf-3e39e20872c5
[2019-12-23 16:21:41.827] [sharedprocess] [info] Extracted extension to /home/rule/.vscode/extensions/.christian-kohler.path-intellisense-1.4.2: christian-kohler.path-intellisense
[2019-12-23 16:21:41.827] [sharedprocess] [info] Renamed to /home/rule/.vscode/extensions/christian-kohler.path-intellisense-1.4.2
[2019-12-23 16:21:41.828] [sharedprocess] [info] Installation completed. christian-kohler.path-intellisense
[2019-12-23 16:21:41.888] [sharedprocess] [info] Extensions installed successfully: christian-kohler.path-intellisense
[2019-12-23 16:21:42.953] [sharedprocess] [info] Downloaded extension: doggy8088.netcore-snippets /tmp/529e9696-f76c-428f-84a0-0c15837c079d
[2019-12-23 16:21:42.999] [sharedprocess] [info] Extracted extension to /home/rule/.vscode/extensions/.doggy8088.netcore-snippets-3.1.3: doggy8088.netcore-snippets
[2019-12-23 16:21:42.999] [sharedprocess] [info] Renamed to /home/rule/.vscode/extensions/doggy8088.netcore-snippets-3.1.3
[2019-12-23 16:21:43.000] [sharedprocess] [info] Installation completed. doggy8088.netcore-snippets
[2019-12-23 16:21:43.048] [sharedprocess] [info] Downloaded extension: formulahendry.dotnet /tmp/70de550a-b23b-4903-8cbd-85ce54298e9b
[2019-12-23 16:21:43.052] [sharedprocess] [info] Downloaded extension: aaron-bond.better-comments /tmp/27d6c04d-2c11-400c-948c-c8e07421462b
[2019-12-23 16:21:43.066] [sharedprocess] [info] Downloaded extension: leopotam.csharpfixformat /tmp/70471a92-5da6-48df-aff2-9760cba8a927
[2019-12-23 16:21:43.170] [sharedprocess] [info] Extracted extension to /home/rule/.vscode/extensions/.aaron-bond.better-comments-2.0.5: aaron-bond.better-comments
[2019-12-23 16:21:43.172] [sharedprocess] [info] Renamed to /home/rule/.vscode/extensions/aaron-bond.better-comments-2.0.5
[2019-12-23 16:21:43.176] [sharedprocess] [info] Installation completed. aaron-bond.better-comments
[2019-12-23 16:21:43.202] [sharedprocess] [info] Extracted extension to /home/rule/.vscode/extensions/.leopotam.csharpfixformat-0.0.84: leopotam.csharpfixformat
[2019-12-23 16:21:43.203] [sharedprocess] [info] Renamed to /home/rule/.vscode/extensions/leopotam.csharpfixformat-0.0.84
[2019-12-23 16:21:43.206] [sharedprocess] [info] Installation completed. leopotam.csharpfixformat
[2019-12-23 16:21:43.257] [sharedprocess] [info] Extensions installed successfully: aaron-bond.better-comments
[2019-12-23 16:21:43.267] [sharedprocess] [info] Downloaded extension: k--kato.docomment /tmp/9126b63a-314d-4ff0-a65d-f1fd9eb07efc
[2019-12-23 16:21:43.281] [sharedprocess] [info] Extensions installed successfully: leopotam.csharpfixformat
[2019-12-23 16:21:43.450] [sharedprocess] [info] Extracted extension to /home/rule/.vscode/extensions/.k--kato.docomment-0.1.8: k--kato.docomment
[2019-12-23 16:21:43.451] [sharedprocess] [info] Renamed to /home/rule/.vscode/extensions/k--kato.docomment-0.1.8
[2019-12-23 16:21:43.453] [sharedprocess] [info] Installation completed. k--kato.docomment
[2019-12-23 16:21:43.517] [sharedprocess] [info] Extensions installed successfully: k--kato.docomment
[2019-12-23 16:21:43.878] [sharedprocess] [info] Extracted extension to /home/rule/.vscode/extensions/.formulahendry.dotnet-0.0.4: formulahendry.dotnet
[2019-12-23 16:21:43.878] [sharedprocess] [info] Renamed to /home/rule/.vscode/extensions/formulahendry.dotnet-0.0.4
[2019-12-23 16:21:43.879] [sharedprocess] [info] Installation completed. formulahendry.dotnet
[2019-12-23 16:21:43.932] [sharedprocess] [info] Extensions installed successfully: formulahendry.dotnet
[2019-12-23 16:21:45.008] [sharedprocess] [info] Downloaded extension: craigthomas.supersharp /tmp/1a41c668-8d8e-4657-9678-59709958f22b
[2019-12-23 16:21:45.046] [sharedprocess] [info] Extracted extension to /home/rule/.vscode/extensions/.craigthomas.supersharp-0.1.4: craigthomas.supersharp
[2019-12-23 16:21:45.046] [sharedprocess] [info] Renamed to /home/rule/.vscode/extensions/craigthomas.supersharp-0.1.4
[2019-12-23 16:21:45.047] [sharedprocess] [info] Installation completed. craigthomas.supersharp
[2019-12-23 16:21:45.134] [sharedprocess] [info] Extensions installed successfully: craigthomas.supersharp
[2019-12-23 16:21:45.523] [sharedprocess] [info] Downloaded extension: adrianwilczynski.asp-net-core-switcher /tmp/8a425ac3-7f5d-4648-afad-eac01429a333
[2019-12-23 16:21:45.597] [sharedprocess] [info] Extracted extension to /home/rule/.vscode/extensions/.adrianwilczynski.asp-net-core-switcher-2.0.2: adrianwilczynski.asp-net-core-switcher
[2019-12-23 16:21:45.597] [sharedprocess] [info] Renamed to /home/rule/.vscode/extensions/adrianwilczynski.asp-net-core-switcher-2.0.2
[2019-12-23 16:21:45.598] [sharedprocess] [info] Installation completed. adrianwilczynski.asp-net-core-switcher
[2019-12-23 16:21:45.680] [sharedprocess] [info] Extensions installed successfully: adrianwilczynski.asp-net-core-switcher
[2019-12-23 16:21:45.828] [sharedprocess] [info] Downloaded extension: wayou.vscode-todo-highlight /tmp/1e7befa0-4615-4447-b67f-52c472b9e8ae
[2019-12-23 16:21:45.907] [sharedprocess] [info] Extracted extension to /home/rule/.vscode/extensions/.wayou.vscode-todo-highlight-1.0.4: wayou.vscode-todo-highlight
[2019-12-23 16:21:45.907] [sharedprocess] [info] Renamed to /home/rule/.vscode/extensions/wayou.vscode-todo-highlight-1.0.4
[2019-12-23 16:21:45.909] [sharedprocess] [info] Installation completed. wayou.vscode-todo-highlight
[2019-12-23 16:21:45.972] [sharedprocess] [info] Extensions installed successfully: wayou.vscode-todo-highlight
[2019-12-23 16:21:46.015] [sharedprocess] [info] Downloaded extension: codezombiech.gitignore /tmp/78a4862a-b040-4bb1-8e24-960c338a214f
[2019-12-23 16:21:47.097] [sharedprocess] [info] Downloaded extension: schneiderpat.aspnet-helper /tmp/b87a0e3b-9334-4d4f-a7b8-ff5a103bf9ac
[2019-12-23 16:21:47.219] [sharedprocess] [info] Downloaded extension: jchannon.csharpextensions /tmp/af702079-ec57-48a8-af4b-afc21865ad09
[2019-12-23 16:21:47.763] [sharedprocess] [info] Extracted extension to /home/rule/.vscode/extensions/.jchannon.csharpextensions-1.3.1: jchannon.csharpextensions
[2019-12-23 16:21:47.763] [sharedprocess] [info] Renamed to /home/rule/.vscode/extensions/jchannon.csharpextensions-1.3.1
[2019-12-23 16:21:47.765] [sharedprocess] [info] Installation completed. jchannon.csharpextensions
[2019-12-23 16:21:47.875] [sharedprocess] [info] Extensions installed successfully: jchannon.csharpextensions
[2019-12-23 16:21:48.049] [sharedprocess] [info] Extracted extension to /home/rule/.vscode/extensions/.schneiderpat.aspnet-helper-0.6.4: schneiderpat.aspnet-helper
[2019-12-23 16:21:48.049] [sharedprocess] [info] Renamed to /home/rule/.vscode/extensions/schneiderpat.aspnet-helper-0.6.4
[2019-12-23 16:21:48.051] [sharedprocess] [info] Installation completed. schneiderpat.aspnet-helper
[2019-12-23 16:21:48.112] [sharedprocess] [info] Extensions installed successfully: schneiderpat.aspnet-helper
[2019-12-23 16:21:48.610] [sharedprocess] [info] Extracted extension to /home/rule/.vscode/extensions/.codezombiech.gitignore-0.6.0: codezombiech.gitignore
[2019-12-23 16:21:48.610] [sharedprocess] [info] Renamed to /home/rule/.vscode/extensions/codezombiech.gitignore-0.6.0
[2019-12-23 16:21:48.611] [sharedprocess] [info] Installation completed. codezombiech.gitignore
[2019-12-23 16:21:48.662] [sharedprocess] [info] Extensions installed successfully: codezombiech.gitignore
[2019-12-23 16:21:49.405] [sharedprocess] [info] Downloaded extension: jmrog.vscode-nuget-package-manager /tmp/da1c3253-a4c8-4025-9dde-bfb906f23d95
[2019-12-23 16:21:51.134] [sharedprocess] [info] Extracted extension to /home/rule/.vscode/extensions/.jmrog.vscode-nuget-package-manager-1.1.6: jmrog.vscode-nuget-package-manager
[2019-12-23 16:21:51.135] [sharedprocess] [info] Renamed to /home/rule/.vscode/extensions/jmrog.vscode-nuget-package-manager-1.1.6
[2019-12-23 16:21:51.136] [sharedprocess] [info] Installation completed. jmrog.vscode-nuget-package-manager
[2019-12-23 16:21:51.241] [sharedprocess] [info] Extensions installed successfully: jmrog.vscode-nuget-package-manager
[2019-12-23 16:21:51.705] [sharedprocess] [info] Downloaded extension: tintoy.msbuild-project-tools /tmp/97377cb4-d7e2-4f09-ad0d-b26655a312d0
[2019-12-23 16:21:52.264] [sharedprocess] [info] Downloaded extension: pflannery.vscode-versionlens /tmp/99009abc-11e3-4856-b339-1a88648a75a4
[2019-12-23 16:21:57.684] [sharedprocess] [info] Extracted extension to /home/rule/.vscode/extensions/.tintoy.msbuild-project-tools-0.3.2: tintoy.msbuild-project-tools
[2019-12-23 16:21:57.684] [sharedprocess] [info] Renamed to /home/rule/.vscode/extensions/tintoy.msbuild-project-tools-0.3.2
[2019-12-23 16:21:57.689] [sharedprocess] [info] Installation completed. tintoy.msbuild-project-tools
[2019-12-23 16:21:57.832] [sharedprocess] [info] Extensions installed successfully: tintoy.msbuild-project-tools
[2019-12-23 16:21:57.840] [sharedprocess] [info] Extensions installed successfully: doggy8088.netcore-snippets
[2019-12-23 16:21:58.717] [sharedprocess] [info] Downloaded extension: quicktype.quicktype /tmp/cba576cb-4d06-4e36-8d42-acc5f6772238
[2019-12-23 16:22:01.002] [sharedprocess] [info] Extracted extension to /home/rule/.vscode/extensions/.pflannery.vscode-versionlens-0.24.0: pflannery.vscode-versionlens
[2019-12-23 16:22:01.002] [sharedprocess] [info] Renamed to /home/rule/.vscode/extensions/pflannery.vscode-versionlens-0.24.0
[2019-12-23 16:22:01.006] [sharedprocess] [info] Installation completed. pflannery.vscode-versionlens
[2019-12-23 16:22:01.170] [sharedprocess] [info] Extensions installed successfully: pflannery.vscode-versionlens
[2019-12-23 16:22:03.152] [sharedprocess] [info] Extracted extension to /home/rule/.vscode/extensions/.quicktype.quicktype-12.0.46: quicktype.quicktype
[2019-12-23 16:22:03.153] [sharedprocess] [info] Renamed to /home/rule/.vscode/extensions/quicktype.quicktype-12.0.46
[2019-12-23 16:22:03.157] [sharedprocess] [info] Installation completed. quicktype.quicktype
[2019-12-23 16:22:03.298] [sharedprocess] [info] Extensions installed successfully: quicktype.quicktype
[2019-12-23 16:22:03.308] [sharedprocess] [info] Extensions installed successfully: doggy8088.netcore-extension-pack
