[2020-01-12 03:06:32.634] [exthost] [info] extension host started
[2020-01-12 03:06:32.731] [exthost] [info] ExtensionService#_doActivateExtension aaron-bond.better-comments {"startup":false,"extensionId":{"value":"aaron-bond.better-comments","_lower":"aaron-bond.better-comments"},"activationEvent":"onLanguage:plaintext"}
[2020-01-12 03:06:32.731] [exthost] [info] ExtensionService#loadCommonJSModule file:///home/rule/.vscode/extensions/aaron-bond.better-comments-2.0.5/out/extension
[2020-01-12 03:06:32.772] [exthost] [info] ExtensionService#_doActivateExtension adrianwilczynski.asp-net-core-switcher {"startup":false,"extensionId":{"value":"adrianwilczynski.asp-net-core-switcher","_lower":"adrianwilczynski.asp-net-core-switcher"},"activationEvent":"onLanguage:csharp"}
[2020-01-12 03:06:32.772] [exthost] [info] ExtensionService#loadCommonJSModule file:///home/rule/.vscode/extensions/adrianwilczynski.asp-net-core-switcher-2.0.2/out/extension.js
[2020-01-12 03:06:33.624] [exthost] [info] ExtensionService#_doActivateExtension craigthomas.supersharp {"startup":false,"extensionId":{"value":"craigthomas.supersharp","_lower":"craigthomas.supersharp"},"activationEvent":"onLanguage:csharp"}
[2020-01-12 03:06:33.624] [exthost] [info] ExtensionService#loadCommonJSModule file:///home/rule/.vscode/extensions/craigthomas.supersharp-0.1.4/out/extension
[2020-01-12 03:06:34.046] [exthost] [info] ExtensionService#_doActivateExtension jchannon.csharpextensions {"startup":false,"extensionId":{"value":"jchannon.csharpextensions","_lower":"jchannon.csharpextensions"},"activationEvent":"onLanguage:csharp"}
[2020-01-12 03:06:34.046] [exthost] [info] ExtensionService#loadCommonJSModule file:///home/rule/.vscode/extensions/jchannon.csharpextensions-1.3.1/out/src/extension
[2020-01-12 03:06:35.412] [exthost] [info] ExtensionService#_doActivateExtension k--kato.docomment {"startup":false,"extensionId":{"value":"k--kato.docomment","_lower":"k--kato.docomment"},"activationEvent":"onLanguage:csharp"}
[2020-01-12 03:06:35.413] [exthost] [info] ExtensionService#loadCommonJSModule file:///home/rule/.vscode/extensions/k--kato.docomment-0.1.8/out/src/extension
[2020-01-12 03:06:35.599] [exthost] [info] ExtensionService#_doActivateExtension Leopotam.csharpfixformat {"startup":false,"extensionId":{"value":"Leopotam.csharpfixformat","_lower":"leopotam.csharpfixformat"},"activationEvent":"onLanguage:csharp"}
[2020-01-12 03:06:35.599] [exthost] [info] ExtensionService#loadCommonJSModule file:///home/rule/.vscode/extensions/leopotam.csharpfixformat-0.0.84/out/extension.js
[2020-01-12 03:06:35.672] [exthost] [info] ExtensionService#_doActivateExtension ms-vscode.csharp {"startup":false,"extensionId":{"value":"ms-vscode.csharp","_lower":"ms-vscode.csharp"},"activationEvent":"onLanguage:csharp"}
[2020-01-12 03:06:35.672] [exthost] [info] ExtensionService#loadCommonJSModule file:///home/rule/.vscode/extensions/ms-vscode.csharp-1.21.9/dist/extension
[2020-01-12 03:06:35.896] [exthost] [info] ExtensionService#_doActivateExtension vscode.debug-auto-launch {"startup":true,"extensionId":{"value":"vscode.debug-auto-launch","_lower":"vscode.debug-auto-launch"},"activationEvent":"*"}
[2020-01-12 03:06:35.896] [exthost] [info] ExtensionService#loadCommonJSModule file:///opt/visual-studio-code/resources/app/extensions/debug-auto-launch/dist/extension
[2020-01-12 03:06:35.965] [exthost] [info] ExtensionService#_doActivateExtension vscode.emmet {"startup":true,"extensionId":{"value":"vscode.emmet","_lower":"vscode.emmet"},"activationEvent":"*"}
[2020-01-12 03:06:35.965] [exthost] [info] ExtensionService#loadCommonJSModule file:///opt/visual-studio-code/resources/app/extensions/emmet/dist/extension
[2020-01-12 03:06:36.071] [exthost] [info] ExtensionService#_doActivateExtension vscode.git {"startup":true,"extensionId":{"value":"vscode.git","_lower":"vscode.git"},"activationEvent":"*"}
[2020-01-12 03:06:36.072] [exthost] [info] ExtensionService#loadCommonJSModule file:///opt/visual-studio-code/resources/app/extensions/git/dist/main
[2020-01-12 03:06:36.253] [exthost] [info] ExtensionService#_doActivateExtension vscode.merge-conflict {"startup":true,"extensionId":{"value":"vscode.merge-conflict","_lower":"vscode.merge-conflict"},"activationEvent":"*"}
[2020-01-12 03:06:36.253] [exthost] [info] ExtensionService#loadCommonJSModule file:///opt/visual-studio-code/resources/app/extensions/merge-conflict/dist/extension
[2020-01-12 03:06:36.428] [exthost] [info] ExtensionService#_doActivateExtension vscode.search-result {"startup":true,"extensionId":{"value":"vscode.search-result","_lower":"vscode.search-result"},"activationEvent":"*"}
[2020-01-12 03:06:36.428] [exthost] [info] ExtensionService#loadCommonJSModule file:///opt/visual-studio-code/resources/app/extensions/search-result/dist/extension.js
[2020-01-12 03:06:36.581] [exthost] [info] ExtensionService#_doActivateExtension christian-kohler.path-intellisense {"startup":true,"extensionId":{"value":"christian-kohler.path-intellisense","_lower":"christian-kohler.path-intellisense"},"activationEvent":"*"}
[2020-01-12 03:06:36.581] [exthost] [info] ExtensionService#loadCommonJSModule file:///home/rule/.vscode/extensions/christian-kohler.path-intellisense-1.4.2/out/src/extension
[2020-01-12 03:06:37.119] [exthost] [info] ExtensionService#_doActivateExtension tintoy.msbuild-project-tools {"startup":true,"extensionId":{"value":"doggy8088.netcore-snippets","_lower":"doggy8088.netcore-snippets"},"activationEvent":"*"}
[2020-01-12 03:06:37.119] [exthost] [info] ExtensionService#loadCommonJSModule file:///home/rule/.vscode/extensions/tintoy.msbuild-project-tools-0.3.2/out/src/extension/extension
[2020-01-12 03:06:38.685] [exthost] [info] ExtensionService#_doActivateExtension schneiderpat.aspnet-helper {"startup":true,"extensionId":{"value":"schneiderpat.aspnet-helper","_lower":"schneiderpat.aspnet-helper"},"activationEvent":"*"}
[2020-01-12 03:06:38.686] [exthost] [info] ExtensionService#loadCommonJSModule file:///home/rule/.vscode/extensions/schneiderpat.aspnet-helper-0.6.4/out/src/extension
[2020-01-12 03:06:39.149] [exthost] [info] ExtensionService#_doActivateExtension wayou.vscode-todo-highlight {"startup":true,"extensionId":{"value":"wayou.vscode-todo-highlight","_lower":"wayou.vscode-todo-highlight"},"activationEvent":"*"}
[2020-01-12 03:06:39.149] [exthost] [info] ExtensionService#loadCommonJSModule file:///home/rule/.vscode/extensions/wayou.vscode-todo-highlight-1.0.4/src/extension
[2020-01-12 03:06:39.652] [exthost] [error] [jchannon.csharpextensions] provider FAILED
[2020-01-12 03:06:39.653] [exthost] [error] Error: Illegal argument: line must be non-negative
    at Object.t.illegalArgument (/opt/visual-studio-code/resources/app/out/vs/workbench/services/extensions/node/extensionHostProcess.js:9:868)
    at new p (/opt/visual-studio-code/resources/app/out/vs/workbench/services/extensions/node/extensionHostProcess.js:360:567)
    at new p (/opt/visual-studio-code/resources/app/out/vs/workbench/services/extensions/node/extensionHostProcess.js:359:919)
    at CodeActionProvider.getInitializeFromCtorCommand (/home/rule/.vscode/extensions/jchannon.csharpextensions-1.3.1/out/src/codeActionProvider.js:166:61)
    at addInitalizeFromCtor (/home/rule/.vscode/extensions/jchannon.csharpextensions-1.3.1/out/src/codeActionProvider.js:15:28)
    at CodeActionProvider.provideCodeActions (/home/rule/.vscode/extensions/jchannon.csharpextensions-1.3.1/out/src/codeActionProvider.js:19:9)
    at /opt/visual-studio-code/resources/app/out/vs/workbench/services/extensions/node/extensionHostProcess.js:576:562
    at /opt/visual-studio-code/resources/app/out/vs/workbench/services/extensions/node/extensionHostProcess.js:52:287
    at new Promise (<anonymous>:null:null)
    at Object.t.asPromise (/opt/visual-studio-code/resources/app/out/vs/workbench/services/extensions/node/extensionHostProcess.js:52:259)
    at P.provideCodeActions (/opt/visual-studio-code/resources/app/out/vs/workbench/services/extensions/node/extensionHostProcess.js:576:533)
    at /opt/visual-studio-code/resources/app/out/vs/workbench/services/extensions/node/extensionHostProcess.js:595:972
    at B._withAdapter (/opt/visual-studio-code/resources/app/out/vs/workbench/services/extensions/node/extensionHostProcess.js:591:697)
    at B.$provideCodeActions (/opt/visual-studio-code/resources/app/out/vs/workbench/services/extensions/node/extensionHostProcess.js:595:950)
    at p._doInvokeHandler (/opt/visual-studio-code/resources/app/out/vs/workbench/services/extensions/node/extensionHostProcess.js:663:275)
    at p._invokeHandler (/opt/visual-studio-code/resources/app/out/vs/workbench/services/extensions/node/extensionHostProcess.js:662:971)
    at p._receiveRequest (/opt/visual-studio-code/resources/app/out/vs/workbench/services/extensions/node/extensionHostProcess.js:661:588)
    at p._receiveOneMessage (/opt/visual-studio-code/resources/app/out/vs/workbench/services/extensions/node/extensionHostProcess.js:660:468)
    at /opt/visual-studio-code/resources/app/out/vs/workbench/services/extensions/node/extensionHostProcess.js:658:691
    at l.fire (/opt/visual-studio-code/resources/app/out/vs/workbench/services/extensions/node/extensionHostProcess.js:46:893)
    at _.fire (/opt/visual-studio-code/resources/app/out/vs/workbench/services/extensions/node/extensionHostProcess.js:189:274)
    at /opt/visual-studio-code/resources/app/out/vs/workbench/services/extensions/node/extensionHostProcess.js:820:285
    at l.fire (/opt/visual-studio-code/resources/app/out/vs/workbench/services/extensions/node/extensionHostProcess.js:46:893)
    at _.fire (/opt/visual-studio-code/resources/app/out/vs/workbench/services/extensions/node/extensionHostProcess.js:189:274)
    at t.PersistentProtocol._receiveMessage (/opt/visual-studio-code/resources/app/out/vs/workbench/services/extensions/node/extensionHostProcess.js:193:629)
    at /opt/visual-studio-code/resources/app/out/vs/workbench/services/extensions/node/extensionHostProcess.js:190:824
    at l.fire (/opt/visual-studio-code/resources/app/out/vs/workbench/services/extensions/node/extensionHostProcess.js:46:893)
    at p.acceptChunk (/opt/visual-studio-code/resources/app/out/vs/workbench/services/extensions/node/extensionHostProcess.js:186:737)
    at /opt/visual-studio-code/resources/app/out/vs/workbench/services/extensions/node/extensionHostProcess.js:186:89
    at Socket.t (/opt/visual-studio-code/resources/app/out/vs/workbench/services/extensions/node/extensionHostProcess.js:195:68)
    at Socket.emit (events.js:200:13)
    at addChunk (_stream_readable.js:294:12)
    at readableAddChunk (_stream_readable.js:275:11)
    at Socket.Readable.push (_stream_readable.js:210:10)
    at Pipe.onStreamRead (internal/stream_base_commons.js:166:17)

[2020-01-12 03:06:40.383] [exthost] [info] ExtensionService#_doActivateExtension doggy8088.netcore-snippets {"startup":true,"extensionId":{"value":"doggy8088.netcore-snippets","_lower":"doggy8088.netcore-snippets"},"activationEvent":"*"}
[2020-01-12 03:06:40.383] [exthost] [info] ExtensionService#loadCommonJSModule file:///home/rule/.vscode/extensions/doggy8088.netcore-snippets-3.1.3/src/extension
[2020-01-12 03:06:43.713] [exthost] [info] ExtensionService#_doActivateExtension formulahendry.dotnet-test-explorer {"startup":true,"extensionId":{"value":"formulahendry.dotnet-test-explorer","_lower":"formulahendry.dotnet-test-explorer"},"activationEvent":"workspaceContains:**/*.csproj,**/*.fsproj"}
[2020-01-12 03:06:43.713] [exthost] [info] ExtensionService#loadCommonJSModule file:///home/rule/.vscode/extensions/formulahendry.dotnet-test-explorer-0.7.1/out/src/extension
[2020-01-12 03:06:50.407] [exthost] [info] eager extensions activated
[2020-01-12 03:06:55.725] [exthost] [error] [jchannon.csharpextensions] provider FAILED
[2020-01-12 03:06:55.725] [exthost] [error] Error: Illegal argument: line must be non-negative
    at Object.t.illegalArgument (/opt/visual-studio-code/resources/app/out/vs/workbench/services/extensions/node/extensionHostProcess.js:9:868)
    at new p (/opt/visual-studio-code/resources/app/out/vs/workbench/services/extensions/node/extensionHostProcess.js:360:567)
    at new p (/opt/visual-studio-code/resources/app/out/vs/workbench/services/extensions/node/extensionHostProcess.js:359:919)
    at CodeActionProvider.getInitializeFromCtorCommand (/home/rule/.vscode/extensions/jchannon.csharpextensions-1.3.1/out/src/codeActionProvider.js:166:61)
    at addInitalizeFromCtor (/home/rule/.vscode/extensions/jchannon.csharpextensions-1.3.1/out/src/codeActionProvider.js:15:28)
    at CodeActionProvider.provideCodeActions (/home/rule/.vscode/extensions/jchannon.csharpextensions-1.3.1/out/src/codeActionProvider.js:19:9)
    at /opt/visual-studio-code/resources/app/out/vs/workbench/services/extensions/node/extensionHostProcess.js:576:562
    at /opt/visual-studio-code/resources/app/out/vs/workbench/services/extensions/node/extensionHostProcess.js:52:287
    at new Promise (<anonymous>:null:null)
    at Object.t.asPromise (/opt/visual-studio-code/resources/app/out/vs/workbench/services/extensions/node/extensionHostProcess.js:52:259)
    at P.provideCodeActions (/opt/visual-studio-code/resources/app/out/vs/workbench/services/extensions/node/extensionHostProcess.js:576:533)
    at /opt/visual-studio-code/resources/app/out/vs/workbench/services/extensions/node/extensionHostProcess.js:595:972
    at B._withAdapter (/opt/visual-studio-code/resources/app/out/vs/workbench/services/extensions/node/extensionHostProcess.js:591:697)
    at B.$provideCodeActions (/opt/visual-studio-code/resources/app/out/vs/workbench/services/extensions/node/extensionHostProcess.js:595:950)
    at p._doInvokeHandler (/opt/visual-studio-code/resources/app/out/vs/workbench/services/extensions/node/extensionHostProcess.js:663:275)
    at p._invokeHandler (/opt/visual-studio-code/resources/app/out/vs/workbench/services/extensions/node/extensionHostProcess.js:662:971)
    at p._receiveRequest (/opt/visual-studio-code/resources/app/out/vs/workbench/services/extensions/node/extensionHostProcess.js:661:588)
    at p._receiveOneMessage (/opt/visual-studio-code/resources/app/out/vs/workbench/services/extensions/node/extensionHostProcess.js:660:468)
    at /opt/visual-studio-code/resources/app/out/vs/workbench/services/extensions/node/extensionHostProcess.js:658:691
    at l.fire (/opt/visual-studio-code/resources/app/out/vs/workbench/services/extensions/node/extensionHostProcess.js:46:893)
    at _.fire (/opt/visual-studio-code/resources/app/out/vs/workbench/services/extensions/node/extensionHostProcess.js:189:274)
    at /opt/visual-studio-code/resources/app/out/vs/workbench/services/extensions/node/extensionHostProcess.js:820:285
    at l.fire (/opt/visual-studio-code/resources/app/out/vs/workbench/services/extensions/node/extensionHostProcess.js:46:893)
    at _.fire (/opt/visual-studio-code/resources/app/out/vs/workbench/services/extensions/node/extensionHostProcess.js:189:274)
    at t.PersistentProtocol._receiveMessage (/opt/visual-studio-code/resources/app/out/vs/workbench/services/extensions/node/extensionHostProcess.js:193:629)
    at /opt/visual-studio-code/resources/app/out/vs/workbench/services/extensions/node/extensionHostProcess.js:190:824
    at l.fire (/opt/visual-studio-code/resources/app/out/vs/workbench/services/extensions/node/extensionHostProcess.js:46:893)
    at p.acceptChunk (/opt/visual-studio-code/resources/app/out/vs/workbench/services/extensions/node/extensionHostProcess.js:186:737)
    at /opt/visual-studio-code/resources/app/out/vs/workbench/services/extensions/node/extensionHostProcess.js:186:89
    at Socket.t (/opt/visual-studio-code/resources/app/out/vs/workbench/services/extensions/node/extensionHostProcess.js:195:68)
    at Socket.emit (events.js:200:13)
    at addChunk (_stream_readable.js:294:12)
    at readableAddChunk (_stream_readable.js:275:11)
    at Socket.Readable.push (_stream_readable.js:210:10)
    at Pipe.onStreamRead (internal/stream_base_commons.js:166:17)

[2020-01-12 03:07:20.689] [exthost] [info] ExtensionService#_doActivateExtension vscode.configuration-editing {"startup":false,"extensionId":{"value":"vscode.configuration-editing","_lower":"vscode.configuration-editing"},"activationEvent":"onLanguage:json"}
[2020-01-12 03:07:20.689] [exthost] [info] ExtensionService#loadCommonJSModule file:///opt/visual-studio-code/resources/app/extensions/configuration-editing/dist/extension
[2020-01-12 03:07:20.841] [exthost] [info] ExtensionService#_doActivateExtension vscode.extension-editing {"startup":false,"extensionId":{"value":"vscode.extension-editing","_lower":"vscode.extension-editing"},"activationEvent":"onLanguage:json"}
[2020-01-12 03:07:20.842] [exthost] [info] ExtensionService#loadCommonJSModule file:///opt/visual-studio-code/resources/app/extensions/extension-editing/dist/extension
[2020-01-12 03:07:21.010] [exthost] [info] ExtensionService#_doActivateExtension vscode.json-language-features {"startup":false,"extensionId":{"value":"vscode.json-language-features","_lower":"vscode.json-language-features"},"activationEvent":"onLanguage:json"}
[2020-01-12 03:07:21.010] [exthost] [info] ExtensionService#loadCommonJSModule file:///opt/visual-studio-code/resources/app/extensions/json-language-features/client/dist/jsonMain
[2020-01-12 03:07:21.100] [exthost] [info] ExtensionService#_doActivateExtension vscode.npm {"startup":false,"extensionId":{"value":"vscode.npm","_lower":"vscode.npm"},"activationEvent":"onLanguage:json"}
[2020-01-12 03:07:21.100] [exthost] [info] ExtensionService#loadCommonJSModule file:///opt/visual-studio-code/resources/app/extensions/npm/dist/main
[2020-01-12 03:07:21.166] [exthost] [info] ExtensionService#_doActivateExtension pflannery.vscode-versionlens {"startup":false,"extensionId":{"value":"pflannery.vscode-versionlens","_lower":"pflannery.vscode-versionlens"},"activationEvent":"onLanguage:json"}
[2020-01-12 03:07:21.166] [exthost] [info] ExtensionService#loadCommonJSModule file:///home/rule/.vscode/extensions/pflannery.vscode-versionlens-0.24.0/out/extension-bundle.js
[2020-01-12 03:07:23.066] [exthost] [info] extension host started
[2020-01-12 03:07:23.081] [exthost] [info] ExtensionService#_doActivateExtension aaron-bond.better-comments {"startup":false,"extensionId":{"value":"aaron-bond.better-comments","_lower":"aaron-bond.better-comments"},"activationEvent":"onLanguage:plaintext"}
[2020-01-12 03:07:23.082] [exthost] [info] ExtensionService#loadCommonJSModule file:///home/rule/.vscode/extensions/aaron-bond.better-comments-2.0.5/out/extension
[2020-01-12 03:07:23.085] [exthost] [info] ExtensionService#_doActivateExtension adrianwilczynski.asp-net-core-switcher {"startup":false,"extensionId":{"value":"adrianwilczynski.asp-net-core-switcher","_lower":"adrianwilczynski.asp-net-core-switcher"},"activationEvent":"onLanguage:csharp"}
[2020-01-12 03:07:23.085] [exthost] [info] ExtensionService#loadCommonJSModule file:///home/rule/.vscode/extensions/adrianwilczynski.asp-net-core-switcher-2.0.2/out/extension.js
[2020-01-12 03:07:23.094] [exthost] [info] ExtensionService#_doActivateExtension craigthomas.supersharp {"startup":false,"extensionId":{"value":"craigthomas.supersharp","_lower":"craigthomas.supersharp"},"activationEvent":"onLanguage:csharp"}
[2020-01-12 03:07:23.094] [exthost] [info] ExtensionService#loadCommonJSModule file:///home/rule/.vscode/extensions/craigthomas.supersharp-0.1.4/out/extension
[2020-01-12 03:07:23.102] [exthost] [info] ExtensionService#_doActivateExtension jchannon.csharpextensions {"startup":false,"extensionId":{"value":"jchannon.csharpextensions","_lower":"jchannon.csharpextensions"},"activationEvent":"onLanguage:csharp"}
[2020-01-12 03:07:23.102] [exthost] [info] ExtensionService#loadCommonJSModule file:///home/rule/.vscode/extensions/jchannon.csharpextensions-1.3.1/out/src/extension
[2020-01-12 03:07:23.165] [exthost] [info] ExtensionService#_doActivateExtension k--kato.docomment {"startup":false,"extensionId":{"value":"k--kato.docomment","_lower":"k--kato.docomment"},"activationEvent":"onLanguage:csharp"}
[2020-01-12 03:07:23.165] [exthost] [info] ExtensionService#loadCommonJSModule file:///home/rule/.vscode/extensions/k--kato.docomment-0.1.8/out/src/extension
[2020-01-12 03:07:23.201] [exthost] [info] ExtensionService#_doActivateExtension Leopotam.csharpfixformat {"startup":false,"extensionId":{"value":"Leopotam.csharpfixformat","_lower":"leopotam.csharpfixformat"},"activationEvent":"onLanguage:csharp"}
[2020-01-12 03:07:23.201] [exthost] [info] ExtensionService#loadCommonJSModule file:///home/rule/.vscode/extensions/leopotam.csharpfixformat-0.0.84/out/extension.js
[2020-01-12 03:07:23.207] [exthost] [info] ExtensionService#_doActivateExtension ms-vscode.csharp {"startup":false,"extensionId":{"value":"ms-vscode.csharp","_lower":"ms-vscode.csharp"},"activationEvent":"onLanguage:csharp"}
[2020-01-12 03:07:23.207] [exthost] [info] ExtensionService#loadCommonJSModule file:///home/rule/.vscode/extensions/ms-vscode.csharp-1.21.9/dist/extension
[2020-01-12 03:07:23.346] [exthost] [info] ExtensionService#_doActivateExtension vscode.configuration-editing {"startup":false,"extensionId":{"value":"vscode.configuration-editing","_lower":"vscode.configuration-editing"},"activationEvent":"onLanguage:json"}
[2020-01-12 03:07:23.346] [exthost] [info] ExtensionService#loadCommonJSModule file:///opt/visual-studio-code/resources/app/extensions/configuration-editing/dist/extension
[2020-01-12 03:07:23.349] [exthost] [info] ExtensionService#_doActivateExtension vscode.extension-editing {"startup":false,"extensionId":{"value":"vscode.extension-editing","_lower":"vscode.extension-editing"},"activationEvent":"onLanguage:json"}
[2020-01-12 03:07:23.349] [exthost] [info] ExtensionService#loadCommonJSModule file:///opt/visual-studio-code/resources/app/extensions/extension-editing/dist/extension
[2020-01-12 03:07:23.367] [exthost] [info] ExtensionService#_doActivateExtension vscode.json-language-features {"startup":false,"extensionId":{"value":"vscode.json-language-features","_lower":"vscode.json-language-features"},"activationEvent":"onLanguage:json"}
[2020-01-12 03:07:23.367] [exthost] [info] ExtensionService#loadCommonJSModule file:///opt/visual-studio-code/resources/app/extensions/json-language-features/client/dist/jsonMain
[2020-01-12 03:07:23.390] [exthost] [info] ExtensionService#_doActivateExtension vscode.npm {"startup":false,"extensionId":{"value":"vscode.npm","_lower":"vscode.npm"},"activationEvent":"onLanguage:json"}
[2020-01-12 03:07:23.390] [exthost] [info] ExtensionService#loadCommonJSModule file:///opt/visual-studio-code/resources/app/extensions/npm/dist/main
[2020-01-12 03:07:23.400] [exthost] [info] ExtensionService#_doActivateExtension pflannery.vscode-versionlens {"startup":false,"extensionId":{"value":"pflannery.vscode-versionlens","_lower":"pflannery.vscode-versionlens"},"activationEvent":"onLanguage:json"}
[2020-01-12 03:07:23.401] [exthost] [info] ExtensionService#loadCommonJSModule file:///home/rule/.vscode/extensions/pflannery.vscode-versionlens-0.24.0/out/extension-bundle.js
[2020-01-12 03:07:23.428] [exthost] [info] ExtensionService#_doActivateExtension vscode.debug-auto-launch {"startup":true,"extensionId":{"value":"vscode.debug-auto-launch","_lower":"vscode.debug-auto-launch"},"activationEvent":"*"}
[2020-01-12 03:07:23.428] [exthost] [info] ExtensionService#loadCommonJSModule file:///opt/visual-studio-code/resources/app/extensions/debug-auto-launch/dist/extension
[2020-01-12 03:07:23.430] [exthost] [info] ExtensionService#_doActivateExtension vscode.emmet {"startup":true,"extensionId":{"value":"vscode.emmet","_lower":"vscode.emmet"},"activationEvent":"*"}
[2020-01-12 03:07:23.431] [exthost] [info] ExtensionService#loadCommonJSModule file:///opt/visual-studio-code/resources/app/extensions/emmet/dist/extension
[2020-01-12 03:07:23.447] [exthost] [info] ExtensionService#_doActivateExtension vscode.git {"startup":true,"extensionId":{"value":"vscode.git","_lower":"vscode.git"},"activationEvent":"*"}
[2020-01-12 03:07:23.447] [exthost] [info] ExtensionService#loadCommonJSModule file:///opt/visual-studio-code/resources/app/extensions/git/dist/main
[2020-01-12 03:07:23.475] [exthost] [info] ExtensionService#_doActivateExtension vscode.merge-conflict {"startup":true,"extensionId":{"value":"vscode.merge-conflict","_lower":"vscode.merge-conflict"},"activationEvent":"*"}
[2020-01-12 03:07:23.475] [exthost] [info] ExtensionService#loadCommonJSModule file:///opt/visual-studio-code/resources/app/extensions/merge-conflict/dist/extension
[2020-01-12 03:07:23.480] [exthost] [info] ExtensionService#_doActivateExtension vscode.search-result {"startup":true,"extensionId":{"value":"vscode.search-result","_lower":"vscode.search-result"},"activationEvent":"*"}
[2020-01-12 03:07:23.480] [exthost] [info] ExtensionService#loadCommonJSModule file:///opt/visual-studio-code/resources/app/extensions/search-result/dist/extension.js
[2020-01-12 03:07:23.482] [exthost] [info] ExtensionService#_doActivateExtension christian-kohler.path-intellisense {"startup":true,"extensionId":{"value":"christian-kohler.path-intellisense","_lower":"christian-kohler.path-intellisense"},"activationEvent":"*"}
[2020-01-12 03:07:23.483] [exthost] [info] ExtensionService#loadCommonJSModule file:///home/rule/.vscode/extensions/christian-kohler.path-intellisense-1.4.2/out/src/extension
[2020-01-12 03:07:23.504] [exthost] [info] ExtensionService#_doActivateExtension tintoy.msbuild-project-tools {"startup":true,"extensionId":{"value":"doggy8088.netcore-snippets","_lower":"doggy8088.netcore-snippets"},"activationEvent":"*"}
[2020-01-12 03:07:23.504] [exthost] [info] ExtensionService#loadCommonJSModule file:///home/rule/.vscode/extensions/tintoy.msbuild-project-tools-0.3.2/out/src/extension/extension
[2020-01-12 03:07:23.645] [exthost] [info] ExtensionService#_doActivateExtension schneiderpat.aspnet-helper {"startup":true,"extensionId":{"value":"schneiderpat.aspnet-helper","_lower":"schneiderpat.aspnet-helper"},"activationEvent":"*"}
[2020-01-12 03:07:23.645] [exthost] [info] ExtensionService#loadCommonJSModule file:///home/rule/.vscode/extensions/schneiderpat.aspnet-helper-0.6.4/out/src/extension
[2020-01-12 03:07:23.689] [exthost] [info] ExtensionService#_doActivateExtension wayou.vscode-todo-highlight {"startup":true,"extensionId":{"value":"wayou.vscode-todo-highlight","_lower":"wayou.vscode-todo-highlight"},"activationEvent":"*"}
[2020-01-12 03:07:23.690] [exthost] [info] ExtensionService#loadCommonJSModule file:///home/rule/.vscode/extensions/wayou.vscode-todo-highlight-1.0.4/src/extension
[2020-01-12 03:07:24.025] [exthost] [info] ExtensionService#_doActivateExtension formulahendry.dotnet-test-explorer {"startup":true,"extensionId":{"value":"formulahendry.dotnet-test-explorer","_lower":"formulahendry.dotnet-test-explorer"},"activationEvent":"workspaceContains:**/*.csproj,**/*.fsproj"}
[2020-01-12 03:07:24.025] [exthost] [info] ExtensionService#loadCommonJSModule file:///home/rule/.vscode/extensions/formulahendry.dotnet-test-explorer-0.7.1/out/src/extension
[2020-01-12 03:07:24.701] [exthost] [error] [jchannon.csharpextensions] provider FAILED
[2020-01-12 03:07:24.704] [exthost] [error] Error: Illegal argument: line must be non-negative
    at Object.t.illegalArgument (/opt/visual-studio-code/resources/app/out/vs/workbench/services/extensions/node/extensionHostProcess.js:9:868)
    at new p (/opt/visual-studio-code/resources/app/out/vs/workbench/services/extensions/node/extensionHostProcess.js:360:567)
    at new p (/opt/visual-studio-code/resources/app/out/vs/workbench/services/extensions/node/extensionHostProcess.js:359:919)
    at CodeActionProvider.getInitializeFromCtorCommand (/home/rule/.vscode/extensions/jchannon.csharpextensions-1.3.1/out/src/codeActionProvider.js:166:61)
    at addInitalizeFromCtor (/home/rule/.vscode/extensions/jchannon.csharpextensions-1.3.1/out/src/codeActionProvider.js:15:28)
    at CodeActionProvider.provideCodeActions (/home/rule/.vscode/extensions/jchannon.csharpextensions-1.3.1/out/src/codeActionProvider.js:19:9)
    at /opt/visual-studio-code/resources/app/out/vs/workbench/services/extensions/node/extensionHostProcess.js:576:562
    at /opt/visual-studio-code/resources/app/out/vs/workbench/services/extensions/node/extensionHostProcess.js:52:287
    at new Promise (<anonymous>:null:null)
    at Object.t.asPromise (/opt/visual-studio-code/resources/app/out/vs/workbench/services/extensions/node/extensionHostProcess.js:52:259)
    at P.provideCodeActions (/opt/visual-studio-code/resources/app/out/vs/workbench/services/extensions/node/extensionHostProcess.js:576:533)
    at /opt/visual-studio-code/resources/app/out/vs/workbench/services/extensions/node/extensionHostProcess.js:595:972
    at B._withAdapter (/opt/visual-studio-code/resources/app/out/vs/workbench/services/extensions/node/extensionHostProcess.js:591:697)
    at B.$provideCodeActions (/opt/visual-studio-code/resources/app/out/vs/workbench/services/extensions/node/extensionHostProcess.js:595:950)
    at p._doInvokeHandler (/opt/visual-studio-code/resources/app/out/vs/workbench/services/extensions/node/extensionHostProcess.js:663:275)
    at p._invokeHandler (/opt/visual-studio-code/resources/app/out/vs/workbench/services/extensions/node/extensionHostProcess.js:662:971)
    at p._receiveRequest (/opt/visual-studio-code/resources/app/out/vs/workbench/services/extensions/node/extensionHostProcess.js:661:588)
    at p._receiveOneMessage (/opt/visual-studio-code/resources/app/out/vs/workbench/services/extensions/node/extensionHostProcess.js:660:468)
    at /opt/visual-studio-code/resources/app/out/vs/workbench/services/extensions/node/extensionHostProcess.js:658:691
    at l.fire (/opt/visual-studio-code/resources/app/out/vs/workbench/services/extensions/node/extensionHostProcess.js:46:893)
    at _.fire (/opt/visual-studio-code/resources/app/out/vs/workbench/services/extensions/node/extensionHostProcess.js:189:274)
    at /opt/visual-studio-code/resources/app/out/vs/workbench/services/extensions/node/extensionHostProcess.js:820:285
    at l.fire (/opt/visual-studio-code/resources/app/out/vs/workbench/services/extensions/node/extensionHostProcess.js:46:893)
    at _.fire (/opt/visual-studio-code/resources/app/out/vs/workbench/services/extensions/node/extensionHostProcess.js:189:274)
    at t.PersistentProtocol._receiveMessage (/opt/visual-studio-code/resources/app/out/vs/workbench/services/extensions/node/extensionHostProcess.js:193:629)
    at /opt/visual-studio-code/resources/app/out/vs/workbench/services/extensions/node/extensionHostProcess.js:190:824
    at l.fire (/opt/visual-studio-code/resources/app/out/vs/workbench/services/extensions/node/extensionHostProcess.js:46:893)
    at p.acceptChunk (/opt/visual-studio-code/resources/app/out/vs/workbench/services/extensions/node/extensionHostProcess.js:186:737)
    at /opt/visual-studio-code/resources/app/out/vs/workbench/services/extensions/node/extensionHostProcess.js:186:89
    at Socket.t (/opt/visual-studio-code/resources/app/out/vs/workbench/services/extensions/node/extensionHostProcess.js:195:68)
    at Socket.emit (events.js:200:13)
    at addChunk (_stream_readable.js:294:12)
    at readableAddChunk (_stream_readable.js:275:11)
    at Socket.Readable.push (_stream_readable.js:210:10)
    at Pipe.onStreamRead (internal/stream_base_commons.js:166:17)

[2020-01-12 03:07:25.751] [exthost] [info] ExtensionService#_doActivateExtension doggy8088.netcore-snippets {"startup":true,"extensionId":{"value":"doggy8088.netcore-snippets","_lower":"doggy8088.netcore-snippets"},"activationEvent":"*"}
[2020-01-12 03:07:25.752] [exthost] [info] ExtensionService#loadCommonJSModule file:///home/rule/.vscode/extensions/doggy8088.netcore-snippets-3.1.3/src/extension
[2020-01-12 03:07:25.757] [exthost] [info] eager extensions activated
[2020-01-12 03:07:27.808] [exthost] [error] [jchannon.csharpextensions] provider FAILED
[2020-01-12 03:07:27.808] [exthost] [error] Error: Illegal argument: line must be non-negative
    at Object.t.illegalArgument (/opt/visual-studio-code/resources/app/out/vs/workbench/services/extensions/node/extensionHostProcess.js:9:868)
    at new p (/opt/visual-studio-code/resources/app/out/vs/workbench/services/extensions/node/extensionHostProcess.js:360:567)
    at new p (/opt/visual-studio-code/resources/app/out/vs/workbench/services/extensions/node/extensionHostProcess.js:359:919)
    at CodeActionProvider.getInitializeFromCtorCommand (/home/rule/.vscode/extensions/jchannon.csharpextensions-1.3.1/out/src/codeActionProvider.js:166:61)
    at addInitalizeFromCtor (/home/rule/.vscode/extensions/jchannon.csharpextensions-1.3.1/out/src/codeActionProvider.js:15:28)
    at CodeActionProvider.provideCodeActions (/home/rule/.vscode/extensions/jchannon.csharpextensions-1.3.1/out/src/codeActionProvider.js:19:9)
    at /opt/visual-studio-code/resources/app/out/vs/workbench/services/extensions/node/extensionHostProcess.js:576:562
    at /opt/visual-studio-code/resources/app/out/vs/workbench/services/extensions/node/extensionHostProcess.js:52:287
    at new Promise (<anonymous>:null:null)
    at Object.t.asPromise (/opt/visual-studio-code/resources/app/out/vs/workbench/services/extensions/node/extensionHostProcess.js:52:259)
    at P.provideCodeActions (/opt/visual-studio-code/resources/app/out/vs/workbench/services/extensions/node/extensionHostProcess.js:576:533)
    at /opt/visual-studio-code/resources/app/out/vs/workbench/services/extensions/node/extensionHostProcess.js:595:972
    at B._withAdapter (/opt/visual-studio-code/resources/app/out/vs/workbench/services/extensions/node/extensionHostProcess.js:591:697)
    at B.$provideCodeActions (/opt/visual-studio-code/resources/app/out/vs/workbench/services/extensions/node/extensionHostProcess.js:595:950)
    at p._doInvokeHandler (/opt/visual-studio-code/resources/app/out/vs/workbench/services/extensions/node/extensionHostProcess.js:663:275)
    at p._invokeHandler (/opt/visual-studio-code/resources/app/out/vs/workbench/services/extensions/node/extensionHostProcess.js:662:971)
    at p._receiveRequest (/opt/visual-studio-code/resources/app/out/vs/workbench/services/extensions/node/extensionHostProcess.js:661:588)
    at p._receiveOneMessage (/opt/visual-studio-code/resources/app/out/vs/workbench/services/extensions/node/extensionHostProcess.js:660:468)
    at /opt/visual-studio-code/resources/app/out/vs/workbench/services/extensions/node/extensionHostProcess.js:658:691
    at l.fire (/opt/visual-studio-code/resources/app/out/vs/workbench/services/extensions/node/extensionHostProcess.js:46:893)
    at _.fire (/opt/visual-studio-code/resources/app/out/vs/workbench/services/extensions/node/extensionHostProcess.js:189:274)
    at /opt/visual-studio-code/resources/app/out/vs/workbench/services/extensions/node/extensionHostProcess.js:820:285
    at l.fire (/opt/visual-studio-code/resources/app/out/vs/workbench/services/extensions/node/extensionHostProcess.js:46:893)
    at _.fire (/opt/visual-studio-code/resources/app/out/vs/workbench/services/extensions/node/extensionHostProcess.js:189:274)
    at t.PersistentProtocol._receiveMessage (/opt/visual-studio-code/resources/app/out/vs/workbench/services/extensions/node/extensionHostProcess.js:193:629)
    at /opt/visual-studio-code/resources/app/out/vs/workbench/services/extensions/node/extensionHostProcess.js:190:824
    at l.fire (/opt/visual-studio-code/resources/app/out/vs/workbench/services/extensions/node/extensionHostProcess.js:46:893)
    at p.acceptChunk (/opt/visual-studio-code/resources/app/out/vs/workbench/services/extensions/node/extensionHostProcess.js:186:737)
    at /opt/visual-studio-code/resources/app/out/vs/workbench/services/extensions/node/extensionHostProcess.js:186:89
    at Socket.t (/opt/visual-studio-code/resources/app/out/vs/workbench/services/extensions/node/extensionHostProcess.js:195:68)
    at Socket.emit (events.js:200:13)
    at addChunk (_stream_readable.js:294:12)
    at readableAddChunk (_stream_readable.js:275:11)
    at Socket.Readable.push (_stream_readable.js:210:10)
    at Pipe.onStreamRead (internal/stream_base_commons.js:166:17)

[2020-01-12 03:07:44.979] [exthost] [info] ExtensionService#_doActivateExtension ms-vscode.cpptools {"startup":false,"extensionId":{"value":"ms-vscode.cpptools","_lower":"ms-vscode.cpptools"},"activationEvent":"onLanguage:c"}
[2020-01-12 03:07:44.979] [exthost] [info] ExtensionService#loadCommonJSModule file:///home/rule/.vscode/extensions/ms-vscode.cpptools-0.26.3-insiders/dist/main
[2020-01-12 03:07:49.480] [exthost] [warning] DiagnosticCollection with name 'C/C++' does already exist.
[2020-01-12 03:08:27.166] [exthost] [info] ExtensionService#_doActivateExtension ms-vscode.node-debug2 {"startup":false,"extensionId":{"value":"ms-vscode.node-debug","_lower":"ms-vscode.node-debug"},"activationEvent":"onDebugInitialConfigurations"}
[2020-01-12 03:08:27.166] [exthost] [info] ExtensionService#loadCommonJSModule file:///opt/visual-studio-code/resources/app/extensions/ms-vscode.node-debug2/out/src/extension
[2020-01-12 03:08:27.253] [exthost] [info] ExtensionService#_doActivateExtension ms-vscode.node-debug {"startup":false,"extensionId":{"value":"ms-vscode.node-debug","_lower":"ms-vscode.node-debug"},"activationEvent":"onDebugInitialConfigurations"}
[2020-01-12 03:08:27.253] [exthost] [info] ExtensionService#loadCommonJSModule file:///opt/visual-studio-code/resources/app/extensions/ms-vscode.node-debug/dist/extension.js
[2020-01-12 03:08:32.294] [exthost] [info] ExtensionService#_doActivateExtension vscode.typescript-language-features {"startup":false,"extensionId":{"value":"vscode.typescript-language-features","_lower":"vscode.typescript-language-features"},"activationEvent":"onLanguage:jsonc"}
[2020-01-12 03:08:32.294] [exthost] [info] ExtensionService#loadCommonJSModule file:///opt/visual-studio-code/resources/app/extensions/typescript-language-features/dist/extension
[2020-01-12 03:09:07.786] [exthost] [info] ExtensionService#_doActivateExtension vscode.debug-server-ready {"startup":false,"extensionId":{"value":"vscode.debug-server-ready","_lower":"vscode.debug-server-ready"},"activationEvent":"onDebugResolve"}
[2020-01-12 03:09:07.786] [exthost] [info] ExtensionService#loadCommonJSModule file:///opt/visual-studio-code/resources/app/extensions/debug-server-ready/dist/extension
[2020-01-12 03:09:07.999] [exthost] [info] ExtensionService#_doActivateExtension vscode.grunt {"startup":false,"extensionId":{"value":"vscode.grunt","_lower":"vscode.grunt"},"activationEvent":"onCommand:workbench.action.tasks.runTask"}
[2020-01-12 03:09:07.999] [exthost] [info] ExtensionService#loadCommonJSModule file:///opt/visual-studio-code/resources/app/extensions/grunt/dist/main
[2020-01-12 03:09:08.132] [exthost] [info] ExtensionService#_doActivateExtension vscode.gulp {"startup":false,"extensionId":{"value":"vscode.gulp","_lower":"vscode.gulp"},"activationEvent":"onCommand:workbench.action.tasks.runTask"}
[2020-01-12 03:09:08.132] [exthost] [info] ExtensionService#loadCommonJSModule file:///opt/visual-studio-code/resources/app/extensions/gulp/dist/main
[2020-01-12 03:09:08.151] [exthost] [info] ExtensionService#_doActivateExtension vscode.jake {"startup":false,"extensionId":{"value":"vscode.jake","_lower":"vscode.jake"},"activationEvent":"onCommand:workbench.action.tasks.runTask"}
[2020-01-12 03:09:08.151] [exthost] [info] ExtensionService#loadCommonJSModule file:///opt/visual-studio-code/resources/app/extensions/jake/dist/main
