[2020-03-05 20:39:22.992] [exthost] [info] extension host started
[2020-03-05 20:39:23.107] [exthost] [info] ExtensionService#_doActivateExtension aaron-bond.better-comments {"startup":false,"extensionId":{"value":"aaron-bond.better-comments","_lower":"aaron-bond.better-comments"},"activationEvent":"onLanguage:plaintext"}
[2020-03-05 20:39:23.108] [exthost] [info] ExtensionService#loadCommonJSModule file:///home/rule/.vscode/extensions/aaron-bond.better-comments-2.0.5/out/extension
[2020-03-05 20:39:23.192] [exthost] [info] ExtensionService#_doActivateExtension vscode.debug-auto-launch {"startup":true,"extensionId":{"value":"vscode.debug-auto-launch","_lower":"vscode.debug-auto-launch"},"activationEvent":"*"}
[2020-03-05 20:39:23.193] [exthost] [info] ExtensionService#loadCommonJSModule file:///opt/visual-studio-code/resources/app/extensions/debug-auto-launch/dist/extension
[2020-03-05 20:39:23.267] [exthost] [info] ExtensionService#_doActivateExtension vscode.emmet {"startup":true,"extensionId":{"value":"vscode.emmet","_lower":"vscode.emmet"},"activationEvent":"*"}
[2020-03-05 20:39:23.267] [exthost] [info] ExtensionService#loadCommonJSModule file:///opt/visual-studio-code/resources/app/extensions/emmet/dist/extension
[2020-03-05 20:39:23.351] [exthost] [info] ExtensionService#_doActivateExtension vscode.git {"startup":true,"extensionId":{"value":"vscode.git","_lower":"vscode.git"},"activationEvent":"*"}
[2020-03-05 20:39:23.352] [exthost] [info] ExtensionService#loadCommonJSModule file:///opt/visual-studio-code/resources/app/extensions/git/dist/main
[2020-03-05 20:39:23.468] [exthost] [info] ExtensionService#_doActivateExtension vscode.merge-conflict {"startup":true,"extensionId":{"value":"vscode.merge-conflict","_lower":"vscode.merge-conflict"},"activationEvent":"*"}
[2020-03-05 20:39:23.468] [exthost] [info] ExtensionService#loadCommonJSModule file:///opt/visual-studio-code/resources/app/extensions/merge-conflict/dist/extension
[2020-03-05 20:39:23.515] [exthost] [info] ExtensionService#_doActivateExtension vscode.search-result {"startup":true,"extensionId":{"value":"vscode.search-result","_lower":"vscode.search-result"},"activationEvent":"*"}
[2020-03-05 20:39:23.515] [exthost] [info] ExtensionService#loadCommonJSModule file:///opt/visual-studio-code/resources/app/extensions/search-result/dist/extension.js
[2020-03-05 20:39:23.569] [exthost] [info] ExtensionService#_doActivateExtension christian-kohler.path-intellisense {"startup":true,"extensionId":{"value":"christian-kohler.path-intellisense","_lower":"christian-kohler.path-intellisense"},"activationEvent":"*"}
[2020-03-05 20:39:23.569] [exthost] [info] ExtensionService#loadCommonJSModule file:///home/rule/.vscode/extensions/christian-kohler.path-intellisense-1.4.2/out/src/extension
[2020-03-05 20:39:23.806] [exthost] [info] ExtensionService#_doActivateExtension tintoy.msbuild-project-tools {"startup":true,"extensionId":{"value":"doggy8088.netcore-snippets","_lower":"doggy8088.netcore-snippets"},"activationEvent":"*"}
[2020-03-05 20:39:23.806] [exthost] [info] ExtensionService#loadCommonJSModule file:///home/rule/.vscode/extensions/tintoy.msbuild-project-tools-0.3.3/out/src/extension/extension
[2020-03-05 20:39:24.658] [exthost] [info] ExtensionService#_doActivateExtension ms-vscode.cpptools {"startup":true,"extensionId":{"value":"ms-vscode.cpptools","_lower":"ms-vscode.cpptools"},"activationEvent":"*"}
[2020-03-05 20:39:24.658] [exthost] [info] ExtensionService#loadCommonJSModule file:///home/rule/.vscode/extensions/ms-vscode.cpptools-0.26.3/dist/main
[2020-03-05 20:39:24.945] [exthost] [info] ExtensionService#_doActivateExtension schneiderpat.aspnet-helper {"startup":true,"extensionId":{"value":"schneiderpat.aspnet-helper","_lower":"schneiderpat.aspnet-helper"},"activationEvent":"*"}
[2020-03-05 20:39:24.945] [exthost] [info] ExtensionService#loadCommonJSModule file:///home/rule/.vscode/extensions/schneiderpat.aspnet-helper-0.6.4/out/src/extension
[2020-03-05 20:39:25.651] [exthost] [info] ExtensionService#_doActivateExtension wayou.vscode-todo-highlight {"startup":true,"extensionId":{"value":"wayou.vscode-todo-highlight","_lower":"wayou.vscode-todo-highlight"},"activationEvent":"*"}
[2020-03-05 20:39:25.651] [exthost] [info] ExtensionService#loadCommonJSModule file:///home/rule/.vscode/extensions/wayou.vscode-todo-highlight-1.0.4/src/extension
[2020-03-05 20:39:25.714] [exthost] [info] eager extensions activated
[2020-03-05 20:39:31.699] [exthost] [info] ExtensionService#_doActivateExtension doggy8088.netcore-snippets {"startup":true,"extensionId":{"value":"doggy8088.netcore-snippets","_lower":"doggy8088.netcore-snippets"},"activationEvent":"*"}
[2020-03-05 20:39:31.699] [exthost] [info] ExtensionService#loadCommonJSModule file:///home/rule/.vscode/extensions/doggy8088.netcore-snippets-3.1.4/src/extension
[2020-03-05 20:40:00.836] [exthost] [info] ExtensionService#_doActivateExtension quicktype.quicktype {"startup":false,"extensionId":{"value":"quicktype.quicktype","_lower":"quicktype.quicktype"},"activationEvent":"onCommand:quicktype.pasteJSONAsTypesAndSerialization"}
[2020-03-05 20:40:00.836] [exthost] [info] ExtensionService#loadCommonJSModule file:///home/rule/.vscode/extensions/quicktype.quicktype-12.0.46/out/src/extension
[2020-03-05 20:42:41.149] [exthost] [info] extension host started
[2020-03-05 20:42:41.273] [exthost] [info] ExtensionService#_doActivateExtension aaron-bond.better-comments {"startup":false,"extensionId":{"value":"aaron-bond.better-comments","_lower":"aaron-bond.better-comments"},"activationEvent":"onLanguage:plaintext"}
[2020-03-05 20:42:41.273] [exthost] [info] ExtensionService#loadCommonJSModule file:///home/rule/.vscode/extensions/aaron-bond.better-comments-2.0.5/out/extension
[2020-03-05 20:42:41.280] [exthost] [info] ExtensionService#_doActivateExtension vscode.debug-auto-launch {"startup":true,"extensionId":{"value":"vscode.debug-auto-launch","_lower":"vscode.debug-auto-launch"},"activationEvent":"*"}
[2020-03-05 20:42:41.280] [exthost] [info] ExtensionService#loadCommonJSModule file:///opt/visual-studio-code/resources/app/extensions/debug-auto-launch/dist/extension
[2020-03-05 20:42:41.285] [exthost] [info] ExtensionService#_doActivateExtension vscode.emmet {"startup":true,"extensionId":{"value":"vscode.emmet","_lower":"vscode.emmet"},"activationEvent":"*"}
[2020-03-05 20:42:41.286] [exthost] [info] ExtensionService#loadCommonJSModule file:///opt/visual-studio-code/resources/app/extensions/emmet/dist/extension
[2020-03-05 20:42:41.307] [exthost] [info] ExtensionService#_doActivateExtension vscode.git {"startup":true,"extensionId":{"value":"vscode.git","_lower":"vscode.git"},"activationEvent":"*"}
[2020-03-05 20:42:41.307] [exthost] [info] ExtensionService#loadCommonJSModule file:///opt/visual-studio-code/resources/app/extensions/git/dist/main
[2020-03-05 20:42:41.341] [exthost] [info] ExtensionService#_doActivateExtension vscode.merge-conflict {"startup":true,"extensionId":{"value":"vscode.merge-conflict","_lower":"vscode.merge-conflict"},"activationEvent":"*"}
[2020-03-05 20:42:41.341] [exthost] [info] ExtensionService#loadCommonJSModule file:///opt/visual-studio-code/resources/app/extensions/merge-conflict/dist/extension
[2020-03-05 20:42:41.343] [exthost] [info] ExtensionService#_doActivateExtension vscode.search-result {"startup":true,"extensionId":{"value":"vscode.search-result","_lower":"vscode.search-result"},"activationEvent":"*"}
[2020-03-05 20:42:41.343] [exthost] [info] ExtensionService#loadCommonJSModule file:///opt/visual-studio-code/resources/app/extensions/search-result/dist/extension.js
[2020-03-05 20:42:41.345] [exthost] [info] ExtensionService#_doActivateExtension christian-kohler.path-intellisense {"startup":true,"extensionId":{"value":"christian-kohler.path-intellisense","_lower":"christian-kohler.path-intellisense"},"activationEvent":"*"}
[2020-03-05 20:42:41.345] [exthost] [info] ExtensionService#loadCommonJSModule file:///home/rule/.vscode/extensions/christian-kohler.path-intellisense-1.4.2/out/src/extension
[2020-03-05 20:42:41.360] [exthost] [info] ExtensionService#_doActivateExtension tintoy.msbuild-project-tools {"startup":true,"extensionId":{"value":"doggy8088.netcore-snippets","_lower":"doggy8088.netcore-snippets"},"activationEvent":"*"}
[2020-03-05 20:42:41.360] [exthost] [info] ExtensionService#loadCommonJSModule file:///home/rule/.vscode/extensions/tintoy.msbuild-project-tools-0.3.3/out/src/extension/extension
[2020-03-05 20:42:41.476] [exthost] [info] ExtensionService#_doActivateExtension ms-vscode.cpptools {"startup":true,"extensionId":{"value":"ms-vscode.cpptools","_lower":"ms-vscode.cpptools"},"activationEvent":"*"}
[2020-03-05 20:42:41.477] [exthost] [info] ExtensionService#loadCommonJSModule file:///home/rule/.vscode/extensions/ms-vscode.cpptools-0.27.0-insiders2/dist/main
[2020-03-05 20:42:41.599] [exthost] [info] ExtensionService#_doActivateExtension schneiderpat.aspnet-helper {"startup":true,"extensionId":{"value":"schneiderpat.aspnet-helper","_lower":"schneiderpat.aspnet-helper"},"activationEvent":"*"}
[2020-03-05 20:42:41.599] [exthost] [info] ExtensionService#loadCommonJSModule file:///home/rule/.vscode/extensions/schneiderpat.aspnet-helper-0.6.4/out/src/extension
[2020-03-05 20:42:41.632] [exthost] [info] ExtensionService#_doActivateExtension wayou.vscode-todo-highlight {"startup":true,"extensionId":{"value":"wayou.vscode-todo-highlight","_lower":"wayou.vscode-todo-highlight"},"activationEvent":"*"}
[2020-03-05 20:42:41.632] [exthost] [info] ExtensionService#loadCommonJSModule file:///home/rule/.vscode/extensions/wayou.vscode-todo-highlight-1.0.4/src/extension
[2020-03-05 20:42:42.303] [exthost] [info] ExtensionService#_doActivateExtension doggy8088.netcore-snippets {"startup":true,"extensionId":{"value":"doggy8088.netcore-snippets","_lower":"doggy8088.netcore-snippets"},"activationEvent":"*"}
[2020-03-05 20:42:42.303] [exthost] [info] ExtensionService#loadCommonJSModule file:///home/rule/.vscode/extensions/doggy8088.netcore-snippets-3.1.4/src/extension
[2020-03-05 20:42:44.767] [exthost] [info] eager extensions activated
[2020-03-05 20:43:00.436] [exthost] [info] ExtensionService#_doActivateExtension vscode.debug-server-ready {"startup":false,"extensionId":{"value":"vscode.debug-server-ready","_lower":"vscode.debug-server-ready"},"activationEvent":"onDebugResolve"}
[2020-03-05 20:43:00.437] [exthost] [info] ExtensionService#loadCommonJSModule file:///opt/visual-studio-code/resources/app/extensions/debug-server-ready/dist/extension
[2020-03-05 20:43:00.664] [exthost] [info] ExtensionService#_doActivateExtension vscode.grunt {"startup":false,"extensionId":{"value":"vscode.grunt","_lower":"vscode.grunt"},"activationEvent":"onCommand:workbench.action.tasks.runTask"}
[2020-03-05 20:43:00.664] [exthost] [info] ExtensionService#loadCommonJSModule file:///opt/visual-studio-code/resources/app/extensions/grunt/dist/main
[2020-03-05 20:43:00.980] [exthost] [info] ExtensionService#_doActivateExtension vscode.gulp {"startup":false,"extensionId":{"value":"vscode.gulp","_lower":"vscode.gulp"},"activationEvent":"onCommand:workbench.action.tasks.runTask"}
[2020-03-05 20:43:00.980] [exthost] [info] ExtensionService#loadCommonJSModule file:///opt/visual-studio-code/resources/app/extensions/gulp/dist/main
[2020-03-05 20:43:01.193] [exthost] [info] ExtensionService#_doActivateExtension vscode.jake {"startup":false,"extensionId":{"value":"vscode.jake","_lower":"vscode.jake"},"activationEvent":"onCommand:workbench.action.tasks.runTask"}
[2020-03-05 20:43:01.193] [exthost] [info] ExtensionService#loadCommonJSModule file:///opt/visual-studio-code/resources/app/extensions/jake/dist/main
[2020-03-05 20:43:01.442] [exthost] [info] ExtensionService#_doActivateExtension vscode.npm {"startup":false,"extensionId":{"value":"vscode.npm","_lower":"vscode.npm"},"activationEvent":"onCommand:workbench.action.tasks.runTask"}
[2020-03-05 20:43:01.442] [exthost] [info] ExtensionService#loadCommonJSModule file:///opt/visual-studio-code/resources/app/extensions/npm/dist/main
[2020-03-05 20:43:01.670] [exthost] [info] ExtensionService#_doActivateExtension vscode.typescript-language-features {"startup":false,"extensionId":{"value":"vscode.typescript-language-features","_lower":"vscode.typescript-language-features"},"activationEvent":"onCommand:workbench.action.tasks.runTask"}
[2020-03-05 20:43:01.670] [exthost] [info] ExtensionService#loadCommonJSModule file:///opt/visual-studio-code/resources/app/extensions/typescript-language-features/dist/extension
[2020-03-05 20:43:12.637] [exthost] [info] ExtensionService#_doActivateExtension vscode.configuration-editing {"startup":false,"extensionId":{"value":"vscode.configuration-editing","_lower":"vscode.configuration-editing"},"activationEvent":"onLanguage:jsonc"}
[2020-03-05 20:43:12.638] [exthost] [info] ExtensionService#loadCommonJSModule file:///opt/visual-studio-code/resources/app/extensions/configuration-editing/dist/extension
[2020-03-05 20:43:12.948] [exthost] [info] ExtensionService#_doActivateExtension vscode.json-language-features {"startup":false,"extensionId":{"value":"vscode.json-language-features","_lower":"vscode.json-language-features"},"activationEvent":"onLanguage:jsonc"}
[2020-03-05 20:43:12.948] [exthost] [info] ExtensionService#loadCommonJSModule file:///opt/visual-studio-code/resources/app/extensions/json-language-features/client/dist/jsonMain
